
> infinity-v3-core@3.0.1 server
> node src/server/index.js

====================================================
🚀 INFINITY V3 SERVER RUNNING ON PORT: 3001
🎮 MÓDULO: MAP & SAILING CORE INICIADO DO ZERO
====================================================
[V3 SERVER] Conexão estabelecida: 8PGnLuNm_NQ4YpjOAAAB
[V3 SERVER] Conexão estabelecida: wczdEobUm_MTVjZGAAAD
[V3 SERVER] Desconectado: 8PGnLuNm_NQ4YpjOAAAB
[V3 SERVER] Conexão estabelecida: uqd6vamge8aDw9uyAAAF
[V3 SERVER] Desconectado: uqd6vamge8aDw9uyAAAF
[V3 SERVER] Desconectado: wczdEobUm_MTVjZGAAAD
[V3 SERVER] Conexão estabelecida: sZ1CRIjFC82KWGDKAAAI
[V3 SERVER] Conexão estabelecida: 9W1sD7xcljZSXvZuAAAJ
[V3 SERVER] Desconectado: 9W1sD7xcljZSXvZuAAAJ
[V3 SERVER] Conexão estabelecida: IjpfYZHsZ2tbrO1iAAAL
[V3 SERVER] Desconectado: IjpfYZHsZ2tbrO1iAAAL
[V3 SERVER] Conexão estabelecida: 0LUOX-iw9fUYHwHXAAAN
[V3 SERVER] Desconectado: sZ1CRIjFC82KWGDKAAAI
[V3 SERVER] Conexão estabelecida: iVpGeZ4M-LxaE5i_AAAP
[V3 SERVER] Desconectado: 0LUOX-iw9fUYHwHXAAAN
[V3 SERVER] Desconectado: iVpGeZ4M-LxaE5i_AAAP
